v0.0.1:
- Maquetado encabezado version mobile
- Boton hamburguesa con animaci칩n y apertura de menu hecha en javaScript "navMobile.js"

v0.1.0:
- Maquetaci칩n pagina de productos para mobile y tablet
- JavaScript agregado como "product.js" para ordenar la lista de productos y mostrarlas
- Agregado JSON temporal para poder simular una base de datos de productos, con el mismo "product.js"
mediante una promesa podemos recorrer la lista y insertarla en el HTML.
- Nuevo ordenamiento de la carpeta CSS: La carpeta componentes se refiere al CSS que se usa en la mayoria de los
archivos HTML, la carpeta paginas se refiere al CSS utilizado en especifico en un archivo HTML.



//

v1.0.0:
- Modificando JavaScript, en esta version es funcional
- Pagina que muestra los productos funcionando con paginaci칩n frontend agarrando productos de un JSON tambien
en el front.

v1.0.1:
- Mejor optimizado el codigo de JavaScript y mas limpio

//

v1.1.0:
- Nuevo dise침o del footer totalmente responsive
- Agregado un carrusel de marcas de tecnologia (es parte del footer)

v1.1.1:
- Animacion agregada en el footer para los botones de redes sociales
v1.1.2:
- Funcion en el footer agregada, al hacer click en el logo se te redirigada al a pagina principal
v1.1.3:
- Arreglado bug visual del boton del footer para navegadores firefox